[+] Containers:
 |- [+] Container: /Game/ThirdPerson/Maps/ThirdPersonMap
 |   |- [+] ActorDescs:
 |   |   |- Guid:0B4241AA4336C8C7649A1391E8A72FA8 BaseClass:/Game/Mycontents/2_MoveRect/BP_MyBox2.BP_MyBox2_C NativeClass:/Script/Engine.Actor Name:BP_MyBox2_C_UAID_04421A254417D86601_1199692897 Label:BP_MyBox2 SpatiallyLoaded:1 Bounds:IsValid=true, Min=(X=830.000 Y=1500.000 Z=4.597), Max=(X=930.000 Y=1600.000 Z=75.528) RuntimeGrid:None EditorOnly:0 RuntimeOnly:0 HLODRelevant:0
 |   |   |- Guid:1AF6D78A45CBCAF64CB49B9BD5C120F9 BaseClass:/Game/Mycontents/3_MoveRect2/BP_Swith.BP_Swith_C NativeClass:/Script/Engine.Actor Name:BP_Swith_C_UAID_04421A254417E46601_1155711019 Label:BP_Swith SpatiallyLoaded:1 Bounds:IsValid=true, Min=(X=802.346 Y=1811.628 Z=-1.433), Max=(X=997.654 Y=2068.372 Z=21.433) RuntimeGrid:None EditorOnly:0 RuntimeOnly:0 HLODRelevant:0
 |   |   |- Guid:1BA8FEC543442F78A52D17923D827DF7 BaseClass:/Game/Mycontents/4_MoveRect3/BP_MoveRect2.BP_MoveRect2_C NativeClass:/Script/Engine.Actor Name:BP_MoveRect2_C_UAID_04421A254417156701_1947592632 Label:BP_MoveRect4 SpatiallyLoaded:1 Bounds:IsValid=true, Min=(X=2370.000 Y=2910.000 Z=60.000), Max=(X=2470.000 Y=3010.000 Z=160.000) RuntimeGrid:None EditorOnly:0 RuntimeOnly:0 HLODRelevant:0
 |   |   |- Guid:1CBC8FC0474A88EB2C345D94B29C0280 BaseClass:/Game/Mycontents/3_MoveRect2/BP_MoveRect_fin.BP_MoveRect_fin_C NativeClass:/Script/Engine.Actor Name:BP_WorldRelative_C_UAID_04421A254417E06601_1847215314 Label:BP_WorldRelative SpatiallyLoaded:1 Bounds:IsValid=true, Min=(X=2100.000 Y=1720.000 Z=200.000), Max=(X=2200.000 Y=1820.000 Z=300.000) RuntimeGrid:None EditorOnly:0 RuntimeOnly:0 HLODRelevant:0
 |   |   |- Guid:1D3E314B414458C7F6B1B08FE983254D BaseClass:/Game/Mycontents/1_RightLeft/BP_HelloActor.BP_HelloActor_C NativeClass:/Script/Engine.Actor Name:BP_HelloActor_C_UAID_04421A254417D46601_1501705189 Label:BP_HelloActor SpatiallyLoaded:1 Bounds:IsValid=true, Min=(X=1290.000 Y=1150.000 Z=79.950), Max=(X=1490.000 Y=1350.000 Z=90.000) RuntimeGrid:None EditorOnly:0 RuntimeOnly:0 HLODRelevant:0
 |   |   |- Guid:2622F52E445C8B9440DDE7813D576230 BaseClass:/Game/Mycontents/2_MoveRect/BP_MoveRect.BP_MoveRect_C NativeClass:/Script/Engine.Actor Name:BP_MoveRect_C_UAID_04421A254417D86601_1218280898 Label:BP_MoveRect SpatiallyLoaded:1 Bounds:IsValid=true, Min=(X=1050.000 Y=2460.000 Z=30.000), Max=(X=1150.000 Y=2560.000 Z=130.000) RuntimeGrid:None EditorOnly:0 RuntimeOnly:0 HLODRelevant:0
 |   |   |- Guid:2FB58999456391D349DC0F86DAC136ED BaseClass: NativeClass:/Script/Engine.SkyLight Name:SkyLight_1 Label:SkyLight SpatiallyLoaded:0 Bounds:IsValid=true, Min=(X=0.000 Y=0.000 Z=690.000), Max=(X=0.000 Y=0.000 Z=690.000) RuntimeGrid:None EditorOnly:0 RuntimeOnly:0 HLODRelevant:0 FolderPath:Lighting FolderGuid:963EC3EB4002CCE9759E2EBA541A873A
 |   |   |- Guid:316CF2A6494ACA4C0E4180A87D36AB8F BaseClass: NativeClass:/Script/Engine.ExponentialHeightFog Name:ExponentialHeightFog_0 Label:ExponentialHeightFog SpatiallyLoaded:0 Bounds:IsValid=true, Min=(X=-5600.000 Y=-50.000 Z=-6850.000), Max=(X=-5600.000 Y=-50.000 Z=-6850.000) RuntimeGrid:None EditorOnly:0 RuntimeOnly:0 HLODRelevant:0 FolderPath:Lighting FolderGuid:963EC3EB4002CCE9759E2EBA541A873A
 |   |   |- Guid:3A00AA1C422CE54C0BDB60BAF471BFBB BaseClass: NativeClass:/Script/Engine.PlayerStart Name:PlayerStart_0 Label:PlayerStart SpatiallyLoaded:0 Bounds:IsValid=true, Min=(X=430.000 Y=2400.000 Z=0.013), Max=(X=510.000 Y=2480.000 Z=184.013) RuntimeGrid:None EditorOnly:0 RuntimeOnly:0 HLODRelevant:0
 |   |   |- Guid:3A8324CF44A07052A5274588F4162F88 BaseClass:/Game/Mycontents/1_RightLeft/BP_HelloActor.BP_HelloActor_C NativeClass:/Script/Engine.Actor Name:BP_HelloActor_C_UAID_04421A254417D76601_1417236719 Label:BP_HelloActor3 SpatiallyLoaded:1 Bounds:IsValid=true, Min=(X=1290.000 Y=660.000 Z=79.950), Max=(X=1490.000 Y=860.000 Z=90.000) RuntimeGrid:None EditorOnly:0 RuntimeOnly:0 HLODRelevant:0
 |   |   |- Guid:418FA26E4A9D2B53A5BE4F8388AF8185 BaseClass:/Game/Mycontents/1_RightLeft/BP_HelloActor.BP_HelloActor_C NativeClass:/Script/Engine.Actor Name:BP_HelloActor_C_UAID_04421A254417D66601_2033471542 Label:BP_HelloActor2 SpatiallyLoaded:1 Bounds:IsValid=true, Min=(X=1290.000 Y=910.000 Z=79.950), Max=(X=1490.000 Y=1110.000 Z=90.000) RuntimeGrid:None EditorOnly:0 RuntimeOnly:0 HLODRelevant:0
 |   |   |- Guid:43815E84492231AFC407F59E3C28176B BaseClass: NativeClass:/Script/Engine.StaticMeshActor Name:StaticMeshActor_4 Label:SM_Cube6 SpatiallyLoaded:1 Bounds:IsValid=true, Min=(X=2900.000 Y=100.000 Z=0.000), Max=(X=3000.000 Y=3400.000 Z=400.000) RuntimeGrid:None EditorOnly:0 RuntimeOnly:0 HLODRelevant:1 FolderPath:Playground FolderGuid:C73F09FC4215536B1DCE2A9E0A830C70
 |   |   |- Guid:4D3BE93F4146AAAC8BBE79999D96D57F BaseClass: NativeClass:/Script/Engine.VolumetricCloud Name:VolumetricCloud_0 Label:VolumetricCloud SpatiallyLoaded:0 Bounds:IsValid=true, Min=(X=0.000 Y=0.000 Z=820.000), Max=(X=0.000 Y=0.000 Z=820.000) RuntimeGrid:None EditorOnly:0 RuntimeOnly:0 HLODRelevant:0 FolderPath:Lighting FolderGuid:963EC3EB4002CCE9759E2EBA541A873A
 |   |   |- Guid:5B97F4A64FB21F77EFC44386BF705B4C BaseClass: NativeClass:/Script/Engine.TextRenderActor Name:TextRenderActor_1 Label:TextRenderActor SpatiallyLoaded:1 Bounds:IsValid=true, Min=(X=-0.100 Y=1100.000 Z=65.013), Max=(X=-0.100 Y=2392.308 Z=215.013) RuntimeGrid:None EditorOnly:0 RuntimeOnly:0 HLODRelevant:0
 |   |   |- Guid:5F59873449F696190B854AAAB5204467 BaseClass:/Game/Mycontents/1_RightLeft/BP_MyBox.BP_MyBox_C NativeClass:/Script/Engine.Actor Name:BP_MyBox_C_UAID_04421A254417E56601_1918499175 Label:BP_MyBox SpatiallyLoaded:1 Bounds:IsValid=true, Min=(X=830.000 Y=750.000 Z=8.568), Max=(X=930.000 Y=850.000 Z=71.558) RuntimeGrid:None EditorOnly:0 RuntimeOnly:0 HLODRelevant:0
 |   |   |- Guid:65696D464A49ABFEC9F192AC69D5A66D BaseClass:/Game/Mycontents/5_Timer/BP_Timer.BP_Timer_C NativeClass:/Script/Engine.Actor Name:BP_Timer_C_UAID_04421A254417196701_2023248338 Label:BP_Timer SpatiallyLoaded:1 Bounds:IsValid=true, Min=(X=840.000 Y=2820.000 Z=0.000), Max=(X=840.000 Y=3115.000 Z=130.000) RuntimeGrid:None EditorOnly:0 RuntimeOnly:0 HLODRelevant:0
 |   |   |- Guid:6BAF4DDD444C60371492D3919DB42C97 BaseClass: NativeClass:/Script/Engine.WorldDataLayers Name:WorldDataLayers Label:WorldDataLayers SpatiallyLoaded:0 Bounds:IsValid=true, Min=(X=0.000 Y=0.000 Z=0.000), Max=(X=0.000 Y=0.000 Z=0.000) RuntimeGrid:None EditorOnly:0 RuntimeOnly:0 HLODRelevant:0
 |   |   |- Guid:7174AFD247B5CE54BC72E9929E4D354C BaseClass:/Game/Mycontents/4_MoveRect3/BP_MoveRect2.BP_MoveRect2_C NativeClass:/Script/Engine.Actor Name:BP_MoveRect2_C_UAID_04421A254417156701_1945702631 Label:BP_MoveRect3 SpatiallyLoaded:1 Bounds:IsValid=true, Min=(X=2400.000 Y=2750.000 Z=70.000), Max=(X=2500.000 Y=2850.000 Z=170.000) RuntimeGrid:None EditorOnly:0 RuntimeOnly:0 HLODRelevant:0
 |   |   |- Guid:745A095B4BA4E157E4537FA63F5B7B43 BaseClass: NativeClass:/Script/Engine.StaticMeshActor Name:StaticMeshActor_2 Label:SM_ChamferCube SpatiallyLoaded:1 Bounds:IsValid=true, Min=(X=2175.203 Y=3041.205 Z=0.063), Max=(X=2275.203 Y=3141.205 Z=100.063) RuntimeGrid:None EditorOnly:0 RuntimeOnly:0 HLODRelevant:0
 |   |   |- Guid:9BFF363746062F457E2F92A4631DBA20 BaseClass: NativeClass:/Script/Engine.StaticMeshActor Name:StaticMeshActor_11 Label:SM_ChamferCube3 SpatiallyLoaded:1 Bounds:IsValid=true, Min=(X=1781.699 Y=3181.699 Z=0.013), Max=(X=1918.301 Y=3318.301 Z=100.013) RuntimeGrid:None EditorOnly:0 RuntimeOnly:0 HLODRelevant:0
 |   |   |- Guid:A56216954B2165CF0F35A886B537D536 BaseClass: NativeClass:/Script/Engine.StaticMeshActor Name:StaticMeshActor_0 Label:SM_Cube5 SpatiallyLoaded:1 Bounds:IsValid=true, Min=(X=-0.000 Y=100.000 Z=0.000), Max=(X=100.000 Y=3400.000 Z=400.000) RuntimeGrid:None EditorOnly:0 RuntimeOnly:0 HLODRelevant:1 FolderPath:Playground FolderGuid:C73F09FC4215536B1DCE2A9E0A830C70
 |   |   |- Guid:B785ED2844B84CFB91E7F39FE661CD99 BaseClass: NativeClass:/Script/Engine.DirectionalLight Name:DirectionalLight_0 Label:DirectionalLight SpatiallyLoaded:0 Bounds:IsValid=true, Min=(X=-1048576.000 Y=-1048576.000 Z=-1048576.000), Max=(X=1048576.000 Y=1048576.000 Z=1048576.000) RuntimeGrid:None EditorOnly:0 RuntimeOnly:0 HLODRelevant:0 FolderPath:Lighting FolderGuid:963EC3EB4002CCE9759E2EBA541A873A
 |   |   |- Guid:BC08B79C4EA3C961CFF75EBBE83B367D BaseClass: NativeClass:/Script/Engine.StaticMeshActor Name:StaticMeshActor_5 Label:SM_Cube2 SpatiallyLoaded:1 Bounds:IsValid=true, Min=(X=0.000 Y=0.000 Z=0.000), Max=(X=3000.000 Y=100.000 Z=400.000) RuntimeGrid:None EditorOnly:0 RuntimeOnly:0 HLODRelevant:1 FolderPath:Playground FolderGuid:C73F09FC4215536B1DCE2A9E0A830C70
 |   |   |- Guid:CCFF262C46EEFFDF319E7F9539CE697E BaseClass: NativeClass:/Script/Engine.SkyAtmosphere Name:SkyAtmosphere_0 Label:SkyAtmosphere SpatiallyLoaded:0 Bounds:IsValid=true, Min=(X=0.000 Y=0.000 Z=1020.000), Max=(X=0.000 Y=0.000 Z=1020.000) RuntimeGrid:None EditorOnly:0 RuntimeOnly:0 HLODRelevant:0 FolderPath:Lighting FolderGuid:963EC3EB4002CCE9759E2EBA541A873A
 |   |   |- Guid:D4A564134BEB29A00F73478C9E547EDB BaseClass:/Game/Mycontents/2_MoveRect/BP_MoveRect.BP_MoveRect_C NativeClass:/Script/Engine.Actor Name:BP_MoveRect_C_UAID_04421A254417DA6601_1297023251 Label:BP_MoveRect2 SpatiallyLoaded:1 Bounds:IsValid=true, Min=(X=1050.000 Y=2310.000 Z=30.000), Max=(X=1150.000 Y=2410.000 Z=130.000) RuntimeGrid:None EditorOnly:0 RuntimeOnly:0 HLODRelevant:0
 |   |   |- Guid:E73E39994140315EB81324BF0A5D6400 BaseClass: NativeClass:/Script/Engine.StaticMeshActor Name:StaticMeshActor_10 Label:SM_ChamferCube2 SpatiallyLoaded:1 Bounds:IsValid=true, Min=(X=2024.722 Y=3214.347 Z=0.063), Max=(X=2140.568 Y=3330.193 Z=100.063) RuntimeGrid:None EditorOnly:0 RuntimeOnly:0 HLODRelevant:0
 |   |   |- Guid:EB0024D54C5ED62CC95E74B2364C1AB8 BaseClass:/Game/Mycontents/4_MoveRect3/BP_MoveRect2.BP_MoveRect2_C NativeClass:/Script/Engine.Actor Name:BP_MoveRect2_C_UAID_04421A254417156701_1951628633 Label:BP_MoveRect5 SpatiallyLoaded:1 Bounds:IsValid=true, Min=(X=2480.000 Y=3130.000 Z=60.000), Max=(X=2580.000 Y=3230.000 Z=160.000) RuntimeGrid:None EditorOnly:0 RuntimeOnly:0 HLODRelevant:0
 |   |   |- Guid:EC4E0C944CE6AC6E784BC6BB2916EA13 BaseClass: NativeClass:/Script/Engine.StaticMeshActor Name:StaticMeshActor_UAID_A4AE111137DC5EFB00_1110535423 Label:SM_SkySphere SpatiallyLoaded:0 Bounds:IsValid=true, Min=(X=-1638400.000 Y=-1638400.000 Z=-1638400.000), Max=(X=1638400.000 Y=1638400.000 Z=1638400.000) RuntimeGrid:None EditorOnly:0 RuntimeOnly:0 HLODRelevant:1 FolderPath:Lighting FolderGuid:963EC3EB4002CCE9759E2EBA541A873A
 |   |   |- Guid:F1924B8D48954B30891B2DB6A694F9CC BaseClass: NativeClass:/Script/Engine.StaticMeshActor Name:StaticMeshActor_1 Label:SM_Cube SpatiallyLoaded:1 Bounds:IsValid=true, Min=(X=0.000 Y=0.000 Z=-50.000), Max=(X=3000.000 Y=3500.000 Z=0.000) RuntimeGrid:None EditorOnly:0 RuntimeOnly:0 HLODRelevant:1 FolderPath:Playground FolderGuid:C73F09FC4215536B1DCE2A9E0A830C70
 |   |   |- Guid:F5E3FEB3450C49844FD93DA8E083C8AD BaseClass: NativeClass:/Script/Engine.PostProcessVolume Name:PostProcessVolume_0 Label:PostProcessVolume SpatiallyLoaded:0 Bounds:IsValid=true, Min=(X=0.000 Y=0.000 Z=400.000), Max=(X=200.000 Y=200.000 Z=600.000) RuntimeGrid:None EditorOnly:0 RuntimeOnly:0 HLODRelevant:0 FolderPath:Lighting FolderGuid:963EC3EB4002CCE9759E2EBA541A873A
 |   |   |- Guid:F615FD7D403D86FD24DDC0BA79B884D6 BaseClass:/Game/Mycontents/1_RightLeft/BP_HelloActor.BP_HelloActor_C NativeClass:/Script/Engine.Actor Name:BP_HelloActor_C_UAID_04421A254417D76601_1418746720 Label:BP_HelloActor4 SpatiallyLoaded:1 Bounds:IsValid=true, Min=(X=1290.000 Y=410.000 Z=79.950), Max=(X=1490.000 Y=610.000 Z=90.000) RuntimeGrid:None EditorOnly:0 RuntimeOnly:0 HLODRelevant:0
 |   |   |- Guid:F9F50EC04CDD4A25CE380E91557670F6 BaseClass:/Game/Mycontents/4_MoveRect3/BP_MyBox3.BP_MyBox3_C NativeClass:/Script/Engine.Actor Name:BP_MyBox3_C_UAID_04421A254417156701_1900192630 Label:BP_MyBox3 SpatiallyLoaded:1 Bounds:IsValid=true, Min=(X=810.000 Y=2400.000 Z=40.000), Max=(X=910.000 Y=2500.000 Z=140.000) RuntimeGrid:None EditorOnly:0 RuntimeOnly:0 HLODRelevant:0
 |   |   |- Guid:FF698C67459ADB4982D7759C0905EE9F BaseClass: NativeClass:/Script/Engine.StaticMeshActor Name:StaticMeshActor_6 Label:SM_Cube3 SpatiallyLoaded:1 Bounds:IsValid=true, Min=(X=0.000 Y=3400.000 Z=0.000), Max=(X=3000.000 Y=3500.000 Z=400.000) RuntimeGrid:None EditorOnly:0 RuntimeOnly:0 HLODRelevant:1 FolderPath:Playground FolderGuid:C73F09FC4215536B1DCE2A9E0A830C70
 |   |- [+] Clusters:
 |   |   |- [+] [  0]
 |   |   |   |- Guid:6BAF4DDD444C60371492D3919DB42C97 BaseClass: NativeClass:/Script/Engine.WorldDataLayers Name:WorldDataLayers Label:WorldDataLayers SpatiallyLoaded:0 Bounds:IsValid=true, Min=(X=0.000 Y=0.000 Z=0.000), Max=(X=0.000 Y=0.000 Z=0.000) RuntimeGrid:None EditorOnly:0 RuntimeOnly:0 HLODRelevant:0
 |   |   |- [+] [  1]
 |   |   |   |- Guid:F615FD7D403D86FD24DDC0BA79B884D6 BaseClass:/Game/Mycontents/1_RightLeft/BP_HelloActor.BP_HelloActor_C NativeClass:/Script/Engine.Actor Name:BP_HelloActor_C_UAID_04421A254417D76601_1418746720 Label:BP_HelloActor4 SpatiallyLoaded:1 Bounds:IsValid=true, Min=(X=1290.000 Y=410.000 Z=79.950), Max=(X=1490.000 Y=610.000 Z=90.000) RuntimeGrid:None EditorOnly:0 RuntimeOnly:0 HLODRelevant:0
 |   |   |- [+] [  2]
 |   |   |   |- Guid:F5E3FEB3450C49844FD93DA8E083C8AD BaseClass: NativeClass:/Script/Engine.PostProcessVolume Name:PostProcessVolume_0 Label:PostProcessVolume SpatiallyLoaded:0 Bounds:IsValid=true, Min=(X=0.000 Y=0.000 Z=400.000), Max=(X=200.000 Y=200.000 Z=600.000) RuntimeGrid:None EditorOnly:0 RuntimeOnly:0 HLODRelevant:0 FolderPath:Lighting FolderGuid:963EC3EB4002CCE9759E2EBA541A873A
 |   |   |- [+] [  3]
 |   |   |   |- Guid:E73E39994140315EB81324BF0A5D6400 BaseClass: NativeClass:/Script/Engine.StaticMeshActor Name:StaticMeshActor_10 Label:SM_ChamferCube2 SpatiallyLoaded:1 Bounds:IsValid=true, Min=(X=2024.722 Y=3214.347 Z=0.063), Max=(X=2140.568 Y=3330.193 Z=100.063) RuntimeGrid:None EditorOnly:0 RuntimeOnly:0 HLODRelevant:0
 |   |   |- [+] [  4]
 |   |   |   |- Guid:65696D464A49ABFEC9F192AC69D5A66D BaseClass:/Game/Mycontents/5_Timer/BP_Timer.BP_Timer_C NativeClass:/Script/Engine.Actor Name:BP_Timer_C_UAID_04421A254417196701_2023248338 Label:BP_Timer SpatiallyLoaded:1 Bounds:IsValid=true, Min=(X=840.000 Y=2820.000 Z=0.000), Max=(X=840.000 Y=3115.000 Z=130.000) RuntimeGrid:None EditorOnly:0 RuntimeOnly:0 HLODRelevant:0
 |   |   |- [+] [  5]
 |   |   |   |- Guid:5B97F4A64FB21F77EFC44386BF705B4C BaseClass: NativeClass:/Script/Engine.TextRenderActor Name:TextRenderActor_1 Label:TextRenderActor SpatiallyLoaded:1 Bounds:IsValid=true, Min=(X=-0.100 Y=1100.000 Z=65.013), Max=(X=-0.100 Y=2392.308 Z=215.013) RuntimeGrid:None EditorOnly:0 RuntimeOnly:0 HLODRelevant:0
 |   |   |- [+] [  6]
 |   |   |   |- Guid:EB0024D54C5ED62CC95E74B2364C1AB8 BaseClass:/Game/Mycontents/4_MoveRect3/BP_MoveRect2.BP_MoveRect2_C NativeClass:/Script/Engine.Actor Name:BP_MoveRect2_C_UAID_04421A254417156701_1951628633 Label:BP_MoveRect5 SpatiallyLoaded:1 Bounds:IsValid=true, Min=(X=2480.000 Y=3130.000 Z=60.000), Max=(X=2580.000 Y=3230.000 Z=160.000) RuntimeGrid:None EditorOnly:0 RuntimeOnly:0 HLODRelevant:0
 |   |   |- [+] [  7]
 |   |   |   |- Guid:1AF6D78A45CBCAF64CB49B9BD5C120F9 BaseClass:/Game/Mycontents/3_MoveRect2/BP_Swith.BP_Swith_C NativeClass:/Script/Engine.Actor Name:BP_Swith_C_UAID_04421A254417E46601_1155711019 Label:BP_Swith SpatiallyLoaded:1 Bounds:IsValid=true, Min=(X=802.346 Y=1811.628 Z=-1.433), Max=(X=997.654 Y=2068.372 Z=21.433) RuntimeGrid:None EditorOnly:0 RuntimeOnly:0 HLODRelevant:0
 |   |   |- [+] [  8]
 |   |   |   |- Guid:4D3BE93F4146AAAC8BBE79999D96D57F BaseClass: NativeClass:/Script/Engine.VolumetricCloud Name:VolumetricCloud_0 Label:VolumetricCloud SpatiallyLoaded:0 Bounds:IsValid=true, Min=(X=0.000 Y=0.000 Z=820.000), Max=(X=0.000 Y=0.000 Z=820.000) RuntimeGrid:None EditorOnly:0 RuntimeOnly:0 HLODRelevant:0 FolderPath:Lighting FolderGuid:963EC3EB4002CCE9759E2EBA541A873A
 |   |   |- [+] [  9]
 |   |   |   |- Guid:1D3E314B414458C7F6B1B08FE983254D BaseClass:/Game/Mycontents/1_RightLeft/BP_HelloActor.BP_HelloActor_C NativeClass:/Script/Engine.Actor Name:BP_HelloActor_C_UAID_04421A254417D46601_1501705189 Label:BP_HelloActor SpatiallyLoaded:1 Bounds:IsValid=true, Min=(X=1290.000 Y=1150.000 Z=79.950), Max=(X=1490.000 Y=1350.000 Z=90.000) RuntimeGrid:None EditorOnly:0 RuntimeOnly:0 HLODRelevant:0
 |   |   |- [+] [ 10]
 |   |   |   |- Guid:5F59873449F696190B854AAAB5204467 BaseClass:/Game/Mycontents/1_RightLeft/BP_MyBox.BP_MyBox_C NativeClass:/Script/Engine.Actor Name:BP_MyBox_C_UAID_04421A254417E56601_1918499175 Label:BP_MyBox SpatiallyLoaded:1 Bounds:IsValid=true, Min=(X=830.000 Y=750.000 Z=8.568), Max=(X=930.000 Y=850.000 Z=71.558) RuntimeGrid:None EditorOnly:0 RuntimeOnly:0 HLODRelevant:0
 |   |   |- [+] [ 11]
 |   |   |   |- Guid:CCFF262C46EEFFDF319E7F9539CE697E BaseClass: NativeClass:/Script/Engine.SkyAtmosphere Name:SkyAtmosphere_0 Label:SkyAtmosphere SpatiallyLoaded:0 Bounds:IsValid=true, Min=(X=0.000 Y=0.000 Z=1020.000), Max=(X=0.000 Y=0.000 Z=1020.000) RuntimeGrid:None EditorOnly:0 RuntimeOnly:0 HLODRelevant:0 FolderPath:Lighting FolderGuid:963EC3EB4002CCE9759E2EBA541A873A
 |   |   |- [+] [ 12]
 |   |   |   |- Guid:EC4E0C944CE6AC6E784BC6BB2916EA13 BaseClass: NativeClass:/Script/Engine.StaticMeshActor Name:StaticMeshActor_UAID_A4AE111137DC5EFB00_1110535423 Label:SM_SkySphere SpatiallyLoaded:0 Bounds:IsValid=true, Min=(X=-1638400.000 Y=-1638400.000 Z=-1638400.000), Max=(X=1638400.000 Y=1638400.000 Z=1638400.000) RuntimeGrid:None EditorOnly:0 RuntimeOnly:0 HLODRelevant:1 FolderPath:Lighting FolderGuid:963EC3EB4002CCE9759E2EBA541A873A
 |   |   |- [+] [ 13]
 |   |   |   |- Guid:9BFF363746062F457E2F92A4631DBA20 BaseClass: NativeClass:/Script/Engine.StaticMeshActor Name:StaticMeshActor_11 Label:SM_ChamferCube3 SpatiallyLoaded:1 Bounds:IsValid=true, Min=(X=1781.699 Y=3181.699 Z=0.013), Max=(X=1918.301 Y=3318.301 Z=100.013) RuntimeGrid:None EditorOnly:0 RuntimeOnly:0 HLODRelevant:0
 |   |   |- [+] [ 14]
 |   |   |   |- Guid:43815E84492231AFC407F59E3C28176B BaseClass: NativeClass:/Script/Engine.StaticMeshActor Name:StaticMeshActor_4 Label:SM_Cube6 SpatiallyLoaded:1 Bounds:IsValid=true, Min=(X=2900.000 Y=100.000 Z=0.000), Max=(X=3000.000 Y=3400.000 Z=400.000) RuntimeGrid:None EditorOnly:0 RuntimeOnly:0 HLODRelevant:1 FolderPath:Playground FolderGuid:C73F09FC4215536B1DCE2A9E0A830C70
 |   |   |- [+] [ 15]
 |   |   |   |- Guid:3A8324CF44A07052A5274588F4162F88 BaseClass:/Game/Mycontents/1_RightLeft/BP_HelloActor.BP_HelloActor_C NativeClass:/Script/Engine.Actor Name:BP_HelloActor_C_UAID_04421A254417D76601_1417236719 Label:BP_HelloActor3 SpatiallyLoaded:1 Bounds:IsValid=true, Min=(X=1290.000 Y=660.000 Z=79.950), Max=(X=1490.000 Y=860.000 Z=90.000) RuntimeGrid:None EditorOnly:0 RuntimeOnly:0 HLODRelevant:0
 |   |   |- [+] [ 16]
 |   |   |   |- Guid:B785ED2844B84CFB91E7F39FE661CD99 BaseClass: NativeClass:/Script/Engine.DirectionalLight Name:DirectionalLight_0 Label:DirectionalLight SpatiallyLoaded:0 Bounds:IsValid=true, Min=(X=-1048576.000 Y=-1048576.000 Z=-1048576.000), Max=(X=1048576.000 Y=1048576.000 Z=1048576.000) RuntimeGrid:None EditorOnly:0 RuntimeOnly:0 HLODRelevant:0 FolderPath:Lighting FolderGuid:963EC3EB4002CCE9759E2EBA541A873A
 |   |   |- [+] [ 17]
 |   |   |   |- Guid:0B4241AA4336C8C7649A1391E8A72FA8 BaseClass:/Game/Mycontents/2_MoveRect/BP_MyBox2.BP_MyBox2_C NativeClass:/Script/Engine.Actor Name:BP_MyBox2_C_UAID_04421A254417D86601_1199692897 Label:BP_MyBox2 SpatiallyLoaded:1 Bounds:IsValid=true, Min=(X=830.000 Y=1500.000 Z=4.597), Max=(X=930.000 Y=1600.000 Z=75.528) RuntimeGrid:None EditorOnly:0 RuntimeOnly:0 HLODRelevant:0
 |   |   |- [+] [ 18]
 |   |   |   |- Guid:316CF2A6494ACA4C0E4180A87D36AB8F BaseClass: NativeClass:/Script/Engine.ExponentialHeightFog Name:ExponentialHeightFog_0 Label:ExponentialHeightFog SpatiallyLoaded:0 Bounds:IsValid=true, Min=(X=-5600.000 Y=-50.000 Z=-6850.000), Max=(X=-5600.000 Y=-50.000 Z=-6850.000) RuntimeGrid:None EditorOnly:0 RuntimeOnly:0 HLODRelevant:0 FolderPath:Lighting FolderGuid:963EC3EB4002CCE9759E2EBA541A873A
 |   |   |- [+] [ 19]
 |   |   |   |- Guid:F1924B8D48954B30891B2DB6A694F9CC BaseClass: NativeClass:/Script/Engine.StaticMeshActor Name:StaticMeshActor_1 Label:SM_Cube SpatiallyLoaded:1 Bounds:IsValid=true, Min=(X=0.000 Y=0.000 Z=-50.000), Max=(X=3000.000 Y=3500.000 Z=0.000) RuntimeGrid:None EditorOnly:0 RuntimeOnly:0 HLODRelevant:1 FolderPath:Playground FolderGuid:C73F09FC4215536B1DCE2A9E0A830C70
 |   |   |- [+] [ 20]
 |   |   |   |- Guid:1CBC8FC0474A88EB2C345D94B29C0280 BaseClass:/Game/Mycontents/3_MoveRect2/BP_MoveRect_fin.BP_MoveRect_fin_C NativeClass:/Script/Engine.Actor Name:BP_WorldRelative_C_UAID_04421A254417E06601_1847215314 Label:BP_WorldRelative SpatiallyLoaded:1 Bounds:IsValid=true, Min=(X=2100.000 Y=1720.000 Z=200.000), Max=(X=2200.000 Y=1820.000 Z=300.000) RuntimeGrid:None EditorOnly:0 RuntimeOnly:0 HLODRelevant:0
 |   |   |- [+] [ 21]
 |   |   |   |- Guid:2FB58999456391D349DC0F86DAC136ED BaseClass: NativeClass:/Script/Engine.SkyLight Name:SkyLight_1 Label:SkyLight SpatiallyLoaded:0 Bounds:IsValid=true, Min=(X=0.000 Y=0.000 Z=690.000), Max=(X=0.000 Y=0.000 Z=690.000) RuntimeGrid:None EditorOnly:0 RuntimeOnly:0 HLODRelevant:0 FolderPath:Lighting FolderGuid:963EC3EB4002CCE9759E2EBA541A873A
 |   |   |- [+] [ 22]
 |   |   |   |- Guid:7174AFD247B5CE54BC72E9929E4D354C BaseClass:/Game/Mycontents/4_MoveRect3/BP_MoveRect2.BP_MoveRect2_C NativeClass:/Script/Engine.Actor Name:BP_MoveRect2_C_UAID_04421A254417156701_1945702631 Label:BP_MoveRect3 SpatiallyLoaded:1 Bounds:IsValid=true, Min=(X=2400.000 Y=2750.000 Z=70.000), Max=(X=2500.000 Y=2850.000 Z=170.000) RuntimeGrid:None EditorOnly:0 RuntimeOnly:0 HLODRelevant:0
 |   |   |- [+] [ 23]
 |   |   |   |- Guid:418FA26E4A9D2B53A5BE4F8388AF8185 BaseClass:/Game/Mycontents/1_RightLeft/BP_HelloActor.BP_HelloActor_C NativeClass:/Script/Engine.Actor Name:BP_HelloActor_C_UAID_04421A254417D66601_2033471542 Label:BP_HelloActor2 SpatiallyLoaded:1 Bounds:IsValid=true, Min=(X=1290.000 Y=910.000 Z=79.950), Max=(X=1490.000 Y=1110.000 Z=90.000) RuntimeGrid:None EditorOnly:0 RuntimeOnly:0 HLODRelevant:0
 |   |   |- [+] [ 24]
 |   |   |   |- Guid:A56216954B2165CF0F35A886B537D536 BaseClass: NativeClass:/Script/Engine.StaticMeshActor Name:StaticMeshActor_0 Label:SM_Cube5 SpatiallyLoaded:1 Bounds:IsValid=true, Min=(X=-0.000 Y=100.000 Z=0.000), Max=(X=100.000 Y=3400.000 Z=400.000) RuntimeGrid:None EditorOnly:0 RuntimeOnly:0 HLODRelevant:1 FolderPath:Playground FolderGuid:C73F09FC4215536B1DCE2A9E0A830C70
 |   |   |- [+] [ 25]
 |   |   |   |- Guid:1BA8FEC543442F78A52D17923D827DF7 BaseClass:/Game/Mycontents/4_MoveRect3/BP_MoveRect2.BP_MoveRect2_C NativeClass:/Script/Engine.Actor Name:BP_MoveRect2_C_UAID_04421A254417156701_1947592632 Label:BP_MoveRect4 SpatiallyLoaded:1 Bounds:IsValid=true, Min=(X=2370.000 Y=2910.000 Z=60.000), Max=(X=2470.000 Y=3010.000 Z=160.000) RuntimeGrid:None EditorOnly:0 RuntimeOnly:0 HLODRelevant:0
 |   |   |- [+] [ 26]
 |   |   |   |- Guid:BC08B79C4EA3C961CFF75EBBE83B367D BaseClass: NativeClass:/Script/Engine.StaticMeshActor Name:StaticMeshActor_5 Label:SM_Cube2 SpatiallyLoaded:1 Bounds:IsValid=true, Min=(X=0.000 Y=0.000 Z=0.000), Max=(X=3000.000 Y=100.000 Z=400.000) RuntimeGrid:None EditorOnly:0 RuntimeOnly:0 HLODRelevant:1 FolderPath:Playground FolderGuid:C73F09FC4215536B1DCE2A9E0A830C70
 |   |   |- [+] [ 27]
 |   |   |   |- Guid:FF698C67459ADB4982D7759C0905EE9F BaseClass: NativeClass:/Script/Engine.StaticMeshActor Name:StaticMeshActor_6 Label:SM_Cube3 SpatiallyLoaded:1 Bounds:IsValid=true, Min=(X=0.000 Y=3400.000 Z=0.000), Max=(X=3000.000 Y=3500.000 Z=400.000) RuntimeGrid:None EditorOnly:0 RuntimeOnly:0 HLODRelevant:1 FolderPath:Playground FolderGuid:C73F09FC4215536B1DCE2A9E0A830C70
 |   |   |- [+] [ 28]
 |   |   |   |- Guid:3A00AA1C422CE54C0BDB60BAF471BFBB BaseClass: NativeClass:/Script/Engine.PlayerStart Name:PlayerStart_0 Label:PlayerStart SpatiallyLoaded:0 Bounds:IsValid=true, Min=(X=430.000 Y=2400.000 Z=0.013), Max=(X=510.000 Y=2480.000 Z=184.013) RuntimeGrid:None EditorOnly:0 RuntimeOnly:0 HLODRelevant:0
 |   |   |- [+] [ 29]
 |   |   |   |- Guid:745A095B4BA4E157E4537FA63F5B7B43 BaseClass: NativeClass:/Script/Engine.StaticMeshActor Name:StaticMeshActor_2 Label:SM_ChamferCube SpatiallyLoaded:1 Bounds:IsValid=true, Min=(X=2175.203 Y=3041.205 Z=0.063), Max=(X=2275.203 Y=3141.205 Z=100.063) RuntimeGrid:None EditorOnly:0 RuntimeOnly:0 HLODRelevant:0
 |   |   |- [+] [ 30]
 |   |   |   |- Guid:F9F50EC04CDD4A25CE380E91557670F6 BaseClass:/Game/Mycontents/4_MoveRect3/BP_MyBox3.BP_MyBox3_C NativeClass:/Script/Engine.Actor Name:BP_MyBox3_C_UAID_04421A254417156701_1900192630 Label:BP_MyBox3 SpatiallyLoaded:1 Bounds:IsValid=true, Min=(X=810.000 Y=2400.000 Z=40.000), Max=(X=910.000 Y=2500.000 Z=140.000) RuntimeGrid:None EditorOnly:0 RuntimeOnly:0 HLODRelevant:0
 |   |   |   |- Guid:2622F52E445C8B9440DDE7813D576230 BaseClass:/Game/Mycontents/2_MoveRect/BP_MoveRect.BP_MoveRect_C NativeClass:/Script/Engine.Actor Name:BP_MoveRect_C_UAID_04421A254417D86601_1218280898 Label:BP_MoveRect SpatiallyLoaded:1 Bounds:IsValid=true, Min=(X=1050.000 Y=2460.000 Z=30.000), Max=(X=1150.000 Y=2560.000 Z=130.000) RuntimeGrid:None EditorOnly:0 RuntimeOnly:0 HLODRelevant:0
 |   |   |   |- Guid:D4A564134BEB29A00F73478C9E547EDB BaseClass:/Game/Mycontents/2_MoveRect/BP_MoveRect.BP_MoveRect_C NativeClass:/Script/Engine.Actor Name:BP_MoveRect_C_UAID_04421A254417DA6601_1297023251 Label:BP_MoveRect2 SpatiallyLoaded:1 Bounds:IsValid=true, Min=(X=1050.000 Y=2310.000 Z=30.000), Max=(X=1150.000 Y=2410.000 Z=130.000) RuntimeGrid:None EditorOnly:0 RuntimeOnly:0 HLODRelevant:0
 |- ContainerInstances:
 |- [+] MainContainer:
 |   |-        ID: 0x0000000000000000
 |   |-    Bounds: IsValid=false, Min=(X=0.000 Y=0.000 Z=0.000), Max=(X=0.000 Y=0.000 Z=0.000)
 |   |- Transform: 0.000000,0.000000,0.000000|0.000000,0.000000,-0.000000|1.000000,1.000000,1.000000
 |   |- Container: /Game/ThirdPerson/Maps/ThirdPersonMap
----------------------------------------------------------------------------------------------------------------
ThirdPersonMap - Persistent Level
----------------------------------------------------------------------------------------------------------------
Always loaded Actor Count: 45 

----------------------------------------------------------------------------------------------------------------
ThirdPersonMap - Runtime Spatial Hash - Streaming Grid - MainGrid
----------------------------------------------------------------------------------------------------------------
            Origin: X=0.000 Y=0.000 Z=0.000
         Cell Size: 12800
      World Bounds: IsValid=false, Min=(X=0.000 Y=0.000 Z=0.000), Max=(X=0.000 Y=0.000 Z=0.000)
     Loading Range: 25600.00
Block Slow Loading: No
 ClientOnlyVisible: No

[+] Grid Levels: 1
 |- Level  0: Cell Count    0 | Cell Size   12800 | Actor Count    0 (0.0%)

[+] Content of Grid Level 0

